<?xml version='1.0' encoding='UTF-8'?>
<!DOCTYPE coverage SYSTEM 'http://cobertura.sourceforge.net/xml/coverage-04.dtd'>
<coverage line-rate="0.20512820512820512" function-rate="0.21052631578947367" branch-rate="0.0" lines-covered="16" lines-valid="78" functions-covered="4" functions-valid="19" branches-covered="0" branches-valid="74" complexity="0.0" timestamp="1649439389" version="gcovr 5.1">
  <sources>
    <source>/home/chris/Projects/Embedded/BassStation/BassStationSequencerSW/extern/cpp_tlc5955</source>
  </sources>
  <packages>
    <package name="include" line-rate="1.0" function-rate="1.0" branch-rate="0.0" complexity="0.0">
      <classes>
        <class name="tlc5955_device_hpp" filename="include/tlc5955_device.hpp" line-rate="1.0" branch-rate="0.0" complexity="0.0">
          <methods/>
          <lines>
            <line number="67" hits="1" branch="false"/>
            <line number="76" hits="1" branch="false"/>
            <line number="77" hits="1" branch="false"/>
            <line number="78" hits="1" branch="false"/>
            <line number="79" hits="1" branch="false"/>
            <line number="80" hits="1" branch="false"/>
            <line number="81" hits="1" branch="false"/>
            <line number="83" hits="1" branch="false"/>
            <line number="94" hits="2" branch="false"/>
            <line number="95" hits="1" branch="false"/>
          </lines>
        </class>
      </classes>
    </package>
    <package name="src" line-rate="0.08823529411764706" function-rate="0.0625" branch-rate="0.0" complexity="0.0">
      <classes>
        <class name="tlc5955_cpp" filename="src/tlc5955.cpp" line-rate="0.08823529411764706" branch-rate="0.0" complexity="0.0">
          <methods/>
          <lines>
            <line number="19" hits="1" branch="false"/>
            <line number="25" hits="1" branch="false"/>
            <line number="26" hits="1" branch="false"/>
            <line number="27" hits="1" branch="false"/>
            <line number="34" hits="1" branch="false"/>
            <line number="38" hits="1" branch="false"/>
            <line number="42" hits="0" branch="false"/>
            <line number="44" hits="0" branch="false"/>
            <line number="45" hits="0" branch="true" condition-coverage="0% (0/2)">
              <conditions>
                <condition number="0" type="jump" coverage="0%"/>
              </conditions>
            </line>
            <line number="48" hits="0" branch="false"/>
            <line number="100" hits="0" branch="false"/>
            <line number="102" hits="0" branch="true" condition-coverage="0% (0/2)">
              <conditions>
                <condition number="0" type="jump" coverage="0%"/>
              </conditions>
            </line>
            <line number="105" hits="0" branch="false"/>
            <line number="107" hits="0" branch="true" condition-coverage="0% (0/2)">
              <conditions>
                <condition number="0" type="jump" coverage="0%"/>
              </conditions>
            </line>
            <line number="110" hits="0" branch="false"/>
            <line number="112" hits="0" branch="false"/>
            <line number="113" hits="0" branch="true" condition-coverage="0% (0/6)">
              <conditions>
                <condition number="0" type="jump" coverage="0%"/>
              </conditions>
            </line>
            <line number="114" hits="0" branch="true" condition-coverage="0% (0/6)">
              <conditions>
                <condition number="0" type="jump" coverage="0%"/>
              </conditions>
            </line>
            <line number="115" hits="0" branch="true" condition-coverage="0% (0/6)">
              <conditions>
                <condition number="0" type="jump" coverage="0%"/>
              </conditions>
            </line>
            <line number="116" hits="0" branch="true" condition-coverage="0% (0/6)">
              <conditions>
                <condition number="0" type="jump" coverage="0%"/>
              </conditions>
            </line>
            <line number="117" hits="0" branch="true" condition-coverage="0% (0/6)">
              <conditions>
                <condition number="0" type="jump" coverage="0%"/>
              </conditions>
            </line>
            <line number="118" hits="0" branch="true" condition-coverage="0% (0/2)">
              <conditions>
                <condition number="0" type="jump" coverage="0%"/>
              </conditions>
            </line>
            <line number="121" hits="0" branch="false"/>
            <line number="123" hits="0" branch="false"/>
            <line number="124" hits="0" branch="false"/>
            <line number="125" hits="0" branch="false"/>
            <line number="127" hits="0" branch="true" condition-coverage="0% (0/2)">
              <conditions>
                <condition number="0" type="jump" coverage="0%"/>
              </conditions>
            </line>
            <line number="128" hits="0" branch="true" condition-coverage="0% (0/2)">
              <conditions>
                <condition number="0" type="jump" coverage="0%"/>
              </conditions>
            </line>
            <line number="129" hits="0" branch="true" condition-coverage="0% (0/2)">
              <conditions>
                <condition number="0" type="jump" coverage="0%"/>
              </conditions>
            </line>
            <line number="133" hits="0" branch="false"/>
            <line number="135" hits="0" branch="false"/>
            <line number="136" hits="0" branch="false"/>
            <line number="137" hits="0" branch="false"/>
            <line number="139" hits="0" branch="true" condition-coverage="0% (0/2)">
              <conditions>
                <condition number="0" type="jump" coverage="0%"/>
              </conditions>
            </line>
            <line number="140" hits="0" branch="true" condition-coverage="0% (0/2)">
              <conditions>
                <condition number="0" type="jump" coverage="0%"/>
              </conditions>
            </line>
            <line number="141" hits="0" branch="true" condition-coverage="0% (0/2)">
              <conditions>
                <condition number="0" type="jump" coverage="0%"/>
              </conditions>
            </line>
            <line number="144" hits="0" branch="false"/>
            <line number="146" hits="0" branch="false"/>
            <line number="147" hits="0" branch="true" condition-coverage="0% (0/2)">
              <conditions>
                <condition number="0" type="jump" coverage="0%"/>
              </conditions>
            </line>
            <line number="149" hits="0" branch="true" condition-coverage="0% (0/2)">
              <conditions>
                <condition number="0" type="jump" coverage="0%"/>
              </conditions>
            </line>
            <line number="153" hits="0" branch="false"/>
            <line number="155" hits="0" branch="false"/>
            <line number="156" hits="0" branch="false"/>
            <line number="157" hits="0" branch="false"/>
            <line number="158" hits="0" branch="true" condition-coverage="0% (0/2)">
              <conditions>
                <condition number="0" type="jump" coverage="0%"/>
              </conditions>
            </line>
            <line number="160" hits="0" branch="true" condition-coverage="0% (0/2)">
              <conditions>
                <condition number="0" type="jump" coverage="0%"/>
              </conditions>
            </line>
            <line number="161" hits="0" branch="true" condition-coverage="0% (0/2)">
              <conditions>
                <condition number="0" type="jump" coverage="0%"/>
              </conditions>
            </line>
            <line number="162" hits="0" branch="true" condition-coverage="0% (0/2)">
              <conditions>
                <condition number="0" type="jump" coverage="0%"/>
              </conditions>
            </line>
            <line number="166" hits="0" branch="false"/>
            <line number="168" hits="0" branch="false"/>
            <line number="169" hits="0" branch="true" condition-coverage="0% (0/2)">
              <conditions>
                <condition number="0" type="jump" coverage="0%"/>
              </conditions>
            </line>
            <line number="171" hits="0" branch="true" condition-coverage="0% (0/2)">
              <conditions>
                <condition number="0" type="jump" coverage="0%"/>
              </conditions>
            </line>
            <line number="175" hits="0" branch="false"/>
            <line number="178" hits="0" branch="true" condition-coverage="0% (0/2)">
              <conditions>
                <condition number="0" type="jump" coverage="0%"/>
              </conditions>
            </line>
            <line number="180" hits="0" branch="false"/>
            <line number="183" hits="0" branch="false"/>
            <line number="184" hits="0" branch="false"/>
            <line number="185" hits="0" branch="false"/>
            <line number="187" hits="0" branch="true" condition-coverage="0% (0/2)">
              <conditions>
                <condition number="0" type="jump" coverage="0%"/>
              </conditions>
            </line>
            <line number="188" hits="0" branch="true" condition-coverage="0% (0/2)">
              <conditions>
                <condition number="0" type="jump" coverage="0%"/>
              </conditions>
            </line>
            <line number="189" hits="0" branch="true" condition-coverage="0% (0/2)">
              <conditions>
                <condition number="0" type="jump" coverage="0%"/>
              </conditions>
            </line>
            <line number="190" hits="0" branch="false"/>
            <line number="193" hits="0" branch="false"/>
            <line number="210" hits="0" branch="false"/>
            <line number="214" hits="0" branch="false"/>
            <line number="217" hits="0" branch="false"/>
            <line number="221" hits="0" branch="false"/>
            <line number="246" hits="0" branch="false"/>
          </lines>
        </class>
      </classes>
    </package>
  </packages>
</coverage>
